2024-03-19 22:00:57.656 | INFO     | __main__:<module>:1 - 
当前的矩阵图为:
[[0 1 0]
 [1 0 0]
 [0 0 0]]
2024-03-19 22:01:21.760 | INFO     | __main__:<module>:1 - 
当前的轮次为:1
2024-03-19 22:03:55.928 | INFO     | __main__:<module>:1 - 
当前的轮次为:1
当前的矩阵图为:
[[0 1 0]
 [1 0 0]
 [0 0 0]]
当前的节点是:node3
2024-03-19 22:05:32.353 | INFO     | __main__:<module>:1 - 
当前的轮次为:4
            
当前的矩阵图为:
[[0 1 0]
 [1 0 0]
 [0 0 0]]
            
当前的节点是:node4
2024-03-19 22:06:01.875 | INFO     | __main__:<module>:1 - 当前的轮次为:5
                当前的矩阵图为:
[[0 1 0]
 [1 0 0]
 [0 0 0]]
                当前的节点是:node4
2024-03-19 22:06:16.889 | INFO     | __main__:<module>:1 - 
当前的轮次为:4
            当前的矩阵图为:
[[0 1 0]
 [1 0 0]
 [0 0 0]]
            当前的节点是:node4
